<?xml version="1.0" encoding="UTF-8"?>
<!-- Generated by org.testng.reporters.JUnitReportReporter -->
<testsuite hostname="LAPTOP-6QAK9GMR" failures="0" tests="1" name="com.google.testcases.TC_Images_link_test" time="1.960" errors="0" timestamp="2022-02-18T12:24:00 PST" skipped="0">
  <testcase classname="com.google.testcases.TC_Images_link_test" name="ImageLink_Test" time="1.960"/>
  <system-out/>
</testsuite> <!-- com.google.testcases.TC_Images_link_test -->
