<?xml version="1.0" encoding="UTF-8"?>
<!-- Generated by org.testng.reporters.JUnitReportReporter -->
<testsuite hostname="LAPTOP-6QAK9GMR" failures="0" tests="1" name="com.google.testcases.brokenlinks" time="5.760" errors="0" timestamp="2022-02-15T18:28:27 PST" skipped="0">
  <testcase classname="com.google.testcases.brokenlinks" name="broken_links" time="5.760"/>
  <system-out/>
</testsuite> <!-- com.google.testcases.brokenlinks -->
