<?xml version="1.0" encoding="UTF-8"?>
<!-- Generated by org.testng.reporters.JUnitReportReporter -->
<testsuite hostname="LAPTOP-6QAK9GMR" failures="0" tests="4" name="com.google.testcases.TC_datadriven_search" time="19.023" errors="0" timestamp="2022-02-17T15:30:59 PST" skipped="0">
  <testcase classname="com.google.testcases.TC_datadriven_search" name="datadriven_search" time="5.306"/>
  <system-out/>
  <testcase classname="com.google.testcases.TC_datadriven_search" name="datadriven_search" time="4.926"/>
  <system-out/>
  <testcase classname="com.google.testcases.TC_datadriven_search" name="datadriven_search" time="4.345"/>
  <system-out/>
  <testcase classname="com.google.testcases.TC_datadriven_search" name="datadriven_search" time="4.446"/>
  <system-out/>
</testsuite> <!-- com.google.testcases.TC_datadriven_search -->
