<?xml version="1.0" encoding="UTF-8"?>
<!-- Generated by org.testng.reporters.JUnitReportReporter -->
<testsuite hostname="LAPTOP-6QAK9GMR" failures="0" tests="1" name="com.google.testcases.TC_Feelinglucky_002" time="8.641" errors="0" timestamp="2022-02-15T09:01:01 PST" skipped="0">
  <testcase classname="com.google.testcases.TC_Feelinglucky_002" name="feelinglucky" time="8.641"/>
  <system-out/>
</testsuite> <!-- com.google.testcases.TC_Feelinglucky_002 -->
