<?xml version="1.0" encoding="UTF-8"?>
<!-- Generated by org.testng.reporters.JUnitReportReporter -->
<testsuite hostname="LAPTOP-6QAK9GMR" failures="0" tests="1" name="com.google.testcases.TC_openGoogleApps" time="3.877" errors="0" timestamp="2022-02-18T17:13:57 PST" skipped="0">
  <testcase classname="com.google.testcases.TC_openGoogleApps" name="clickGoogleApps" time="3.877"/>
  <system-out/>
</testsuite> <!-- com.google.testcases.TC_openGoogleApps -->
