<?xml version="1.0" encoding="UTF-8"?>
<!-- Generated by org.testng.reporters.JUnitReportReporter -->
<testsuite hostname="LAPTOP-6QAK9GMR" failures="0" tests="1" name="com.google.testcases.TC_brokenLinks" time="5.793" errors="0" timestamp="2022-02-18T17:13:57 PST" skipped="0">
  <testcase classname="com.google.testcases.TC_brokenLinks" name="broken_links" time="5.793"/>
  <system-out/>
</testsuite> <!-- com.google.testcases.TC_brokenLinks -->
